<?xml version="1.0" encoding="UTF-8"?>
<testng-results skipped="0" failed="0" ignored="0" total="3" passed="3">
  <reporter-output>
  </reporter-output>
  <suite name="Default suite" duration-ms="47176" started-at="2018-05-15T23:44:26Z" finished-at="2018-05-15T23:45:13Z">
    <groups>
    </groups>
    <test name="Default test" duration-ms="47176" started-at="2018-05-15T23:44:26Z" finished-at="2018-05-15T23:45:13Z">
      <class name="GoogleDataProvider.GoogleSearch">
        <test-method status="PASS" signature="open()[pri:0, instance:GoogleDataProvider.GoogleSearch@7a3d45bd]" name="open" is-config="true" duration-ms="15825" started-at="2018-05-15T23:44:26Z" finished-at="2018-05-15T23:44:42Z">
          <reporter-output>
          </reporter-output>
        </test-method> <!-- open -->
        <test-method status="PASS" signature="search(java.lang.String)[pri:0, instance:GoogleDataProvider.GoogleSearch@7a3d45bd]" name="search" duration-ms="8454" started-at="2018-05-15T23:44:42Z" data-provider="dp1" finished-at="2018-05-15T23:44:50Z">
          <params>
            <param index="0">
              <value>
                <![CDATA[java]]>
              </value>
            </param>
          </params>
          <reporter-output>
          </reporter-output>
        </test-method> <!-- search -->
        <test-method status="PASS" signature="search(java.lang.String)[pri:0, instance:GoogleDataProvider.GoogleSearch@7a3d45bd]" name="search" duration-ms="6969" started-at="2018-05-15T23:44:50Z" data-provider="dp1" finished-at="2018-05-15T23:44:57Z">
          <params>
            <param index="0">
              <value>
                <![CDATA[selenium]]>
              </value>
            </param>
          </params>
          <reporter-output>
          </reporter-output>
        </test-method> <!-- search -->
        <test-method status="PASS" signature="search(java.lang.String)[pri:0, instance:GoogleDataProvider.GoogleSearch@7a3d45bd]" name="search" duration-ms="11344" started-at="2018-05-15T23:44:57Z" data-provider="dp1" finished-at="2018-05-15T23:45:08Z">
          <params>
            <param index="0">
              <value>
                <![CDATA[QTp]]>
              </value>
            </param>
          </params>
          <reporter-output>
          </reporter-output>
        </test-method> <!-- search -->
        <test-method status="PASS" signature="close()[pri:0, instance:GoogleDataProvider.GoogleSearch@7a3d45bd]" name="close" is-config="true" duration-ms="4505" started-at="2018-05-15T23:45:08Z" finished-at="2018-05-15T23:45:13Z">
          <reporter-output>
          </reporter-output>
        </test-method> <!-- close -->
      </class> <!-- GoogleDataProvider.GoogleSearch -->
    </test> <!-- Default test -->
  </suite> <!-- Default suite -->
</testng-results>
