<?xml version="1.0" encoding="UTF-8"?>
<!-- Generated by org.testng.reporters.JUnitXMLReporter -->
<testsuite hostname="DESKTOP-U2QVEEK" ignored="0" name="Default test" tests="3" failures="0" timestamp="15 May 2018 23:45:13 GMT" time="47.176" errors="0">
  <testcase name="search" time="8.454" classname="GoogleDataProvider.GoogleSearch"/>
  <testcase name="search" time="6.969" classname="GoogleDataProvider.GoogleSearch"/>
  <testcase name="search" time="11.344" classname="GoogleDataProvider.GoogleSearch"/>
</testsuite> <!-- Default test -->
